<?xml version="1.0" encoding="UTF-8"?>
<!-- Generated by org.testng.reporters.JUnitReportReporter -->
<testsuite hostname="C4HSZY2" failures="0" tests="1" name="com.qa.docker.testScripts.DockerChromeTest" time="4.932" errors="0" timestamp="2020-07-21T19:39:50 IST" skipped="0">
  <testcase classname="com.qa.docker.testScripts.DockerChromeTest" name="test" time="4.932"/>
  <system-out/>
</testsuite> <!-- com.qa.docker.testScripts.DockerChromeTest -->
