<?xml version="1.0" encoding="UTF-8"?>
<!-- Generated by org.testng.reporters.JUnitReportReporter -->
<testsuite hostname="C4HSZY2" failures="0" tests="2" name="com.qa.docker.testScripts.DockerFirefoxTest" time="12.830" errors="0" timestamp="2020-07-21T20:25:13 IST" skipped="0">
  <testcase classname="com.qa.docker.testScripts.DockerFirefoxTest" name="test1" time="6.033"/>
  <system-out/>
  <testcase classname="com.qa.docker.testScripts.DockerFirefoxTest" name="test" time="6.797"/>
  <system-out/>
</testsuite> <!-- com.qa.docker.testScripts.DockerFirefoxTest -->
